1691315017.636010 client started (10294): version 3.0a, socket /tmp/tmux-1000/default, protocol 8
1691315017.636036 on Linux 5.15.0-75-generic #82~20.04.1-Ubuntu SMP Wed Jun 7 19:37:37 UTC 2023; libevent 2.1.11-stable (poll)
1691315017.636047 socket is /tmp/tmux-1000/default
1691315017.636059 trying connect
1691315017.636102 add peer 0x55e22f1bffb0: 6 ((nil))
1691315017.636159 sending message 100 to peer 0x55e22f1bffb0 (4 bytes)
1691315017.636165 sending message 101 to peer 0x55e22f1bffb0 (12 bytes)
1691315017.636169 sending message 102 to peer 0x55e22f1bffb0 (11 bytes)
1691315017.636173 sending message 108 to peer 0x55e22f1bffb0 (25 bytes)
1691315017.636177 sending message 104 to peer 0x55e22f1bffb0 (0 bytes)
1691315017.636181 sending message 107 to peer 0x55e22f1bffb0 (4 bytes)
1691315017.636185 sending message 105 to peer 0x55e22f1bffb0 (54 bytes)
1691315017.636189 sending message 105 to peer 0x55e22f1bffb0 (30 bytes)
1691315017.636193 sending message 105 to peer 0x55e22f1bffb0 (11 bytes)
1691315017.636196 sending message 105 to peer 0x55e22f1bffb0 (12 bytes)
1691315017.636200 sending message 105 to peer 0x55e22f1bffb0 (25 bytes)
1691315017.636204 sending message 105 to peer 0x55e22f1bffb0 (28 bytes)
1691315017.636207 sending message 105 to peer 0x55e22f1bffb0 (85 bytes)
1691315017.636211 sending message 105 to peer 0x55e22f1bffb0 (101 bytes)
1691315017.636215 sending message 105 to peer 0x55e22f1bffb0 (52 bytes)
1691315017.636218 sending message 105 to peer 0x55e22f1bffb0 (28 bytes)
1691315017.636222 sending message 105 to peer 0x55e22f1bffb0 (35 bytes)
1691315017.636225 sending message 105 to peer 0x55e22f1bffb0 (15 bytes)
1691315017.636229 sending message 105 to peer 0x55e22f1bffb0 (18 bytes)
1691315017.636232 sending message 105 to peer 0x55e22f1bffb0 (17 bytes)
1691315017.636236 sending message 105 to peer 0x55e22f1bffb0 (23 bytes)
1691315017.636240 sending message 105 to peer 0x55e22f1bffb0 (19 bytes)
1691315017.636243 sending message 105 to peer 0x55e22f1bffb0 (21 bytes)
1691315017.636247 sending message 105 to peer 0x55e22f1bffb0 (30 bytes)
1691315017.636252 sending message 105 to peer 0x55e22f1bffb0 (27 bytes)
1691315017.636256 sending message 105 to peer 0x55e22f1bffb0 (24 bytes)
1691315017.636259 sending message 105 to peer 0x55e22f1bffb0 (20 bytes)
1691315017.636263 sending message 105 to peer 0x55e22f1bffb0 (23 bytes)
1691315017.636266 sending message 105 to peer 0x55e22f1bffb0 (21 bytes)
1691315017.636270 sending message 105 to peer 0x55e22f1bffb0 (25 bytes)
1691315017.636273 sending message 105 to peer 0x55e22f1bffb0 (20 bytes)
1691315017.636277 sending message 105 to peer 0x55e22f1bffb0 (15 bytes)
1691315017.636280 sending message 105 to peer 0x55e22f1bffb0 (32 bytes)
1691315017.636284 sending message 105 to peer 0x55e22f1bffb0 (342 bytes)
1691315017.636288 sending message 105 to peer 0x55e22f1bffb0 (29 bytes)
1691315017.636291 sending message 105 to peer 0x55e22f1bffb0 (19 bytes)
1691315017.636295 sending message 105 to peer 0x55e22f1bffb0 (15 bytes)
1691315017.636299 sending message 105 to peer 0x55e22f1bffb0 (15 bytes)
1691315017.636310 sending message 105 to peer 0x55e22f1bffb0 (8 bytes)
1691315017.636314 sending message 105 to peer 0x55e22f1bffb0 (19 bytes)
1691315017.636318 sending message 105 to peer 0x55e22f1bffb0 (47 bytes)
1691315017.636321 sending message 105 to peer 0x55e22f1bffb0 (59 bytes)
1691315017.636325 sending message 105 to peer 0x55e22f1bffb0 (38 bytes)
1691315017.636329 sending message 105 to peer 0x55e22f1bffb0 (19 bytes)
1691315017.636333 sending message 105 to peer 0x55e22f1bffb0 (17 bytes)
1691315017.636336 sending message 105 to peer 0x55e22f1bffb0 (35 bytes)
1691315017.636340 sending message 105 to peer 0x55e22f1bffb0 (13 bytes)
1691315017.636344 sending message 105 to peer 0x55e22f1bffb0 (60 bytes)
1691315017.636348 sending message 105 to peer 0x55e22f1bffb0 (12 bytes)
1691315017.636351 sending message 105 to peer 0x55e22f1bffb0 (16 bytes)
1691315017.636355 sending message 105 to peer 0x55e22f1bffb0 (18 bytes)
1691315017.636359 sending message 105 to peer 0x55e22f1bffb0 (13 bytes)
1691315017.636368 sending message 105 to peer 0x55e22f1bffb0 (41 bytes)
1691315017.636372 sending message 105 to peer 0x55e22f1bffb0 (52 bytes)
1691315017.636376 sending message 105 to peer 0x55e22f1bffb0 (171 bytes)
1691315017.636380 sending message 105 to peer 0x55e22f1bffb0 (31 bytes)
1691315017.636384 sending message 105 to peer 0x55e22f1bffb0 (15 bytes)
1691315017.636387 sending message 105 to peer 0x55e22f1bffb0 (23 bytes)
1691315017.636391 sending message 105 to peer 0x55e22f1bffb0 (34 bytes)
1691315017.636395 sending message 105 to peer 0x55e22f1bffb0 (17 bytes)
1691315017.636398 sending message 105 to peer 0x55e22f1bffb0 (21 bytes)
1691315017.636402 sending message 105 to peer 0x55e22f1bffb0 (11 bytes)
1691315017.636406 sending message 105 to peer 0x55e22f1bffb0 (16 bytes)
1691315017.636410 sending message 106 to peer 0x55e22f1bffb0 (0 bytes)
1691315017.636414 sending message 200 to peer 0x55e22f1bffb0 (4 bytes)
1691315017.636417 client loop enter
1691315017.636737 peer 0x55e22f1bffb0 message 211
1691315017.636748 client_write: sessions should be nested with care, unset $TMUX to force\n
1691315017.636760 peer 0x55e22f1bffb0 message 203
1691315017.636764 client loop exit
