1691315020.867920 client started (10362): version 3.0a, socket /tmp/tmux-1000/default, protocol 8
1691315020.867945 on Linux 5.15.0-75-generic #82~20.04.1-Ubuntu SMP Wed Jun 7 19:37:37 UTC 2023; libevent 2.1.11-stable (poll)
1691315020.867958 socket is /tmp/tmux-1000/default
1691315020.867970 trying connect
1691315020.867985 connect failed: Connection refused
1691315020.867992 lock file is /tmp/tmux-1000/default.lock
1691315020.868018 flock succeeded
1691315020.868021 got lock (6)
1691315020.868026 trying connect
1691315020.868033 connect failed: Connection refused
1691315020.868190 add peer 0x55c22264bd70: 7 ((nil))
1691315020.868284 sending message 100 to peer 0x55c22264bd70 (4 bytes)
1691315020.868292 sending message 101 to peer 0x55c22264bd70 (12 bytes)
1691315020.868296 sending message 102 to peer 0x55c22264bd70 (11 bytes)
1691315020.868299 sending message 108 to peer 0x55c22264bd70 (25 bytes)
1691315020.868305 sending message 104 to peer 0x55c22264bd70 (0 bytes)
1691315020.868310 sending message 107 to peer 0x55c22264bd70 (4 bytes)
1691315020.868314 sending message 105 to peer 0x55c22264bd70 (12 bytes)
1691315020.868318 sending message 105 to peer 0x55c22264bd70 (20 bytes)
1691315020.868321 sending message 105 to peer 0x55c22264bd70 (15 bytes)
1691315020.868325 sending message 105 to peer 0x55c22264bd70 (19 bytes)
1691315020.868329 sending message 105 to peer 0x55c22264bd70 (21 bytes)
1691315020.868332 sending message 105 to peer 0x55c22264bd70 (8 bytes)
1691315020.868336 sending message 105 to peer 0x55c22264bd70 (18 bytes)
1691315020.868340 sending message 105 to peer 0x55c22264bd70 (30 bytes)
1691315020.868343 sending message 105 to peer 0x55c22264bd70 (28 bytes)
1691315020.868347 sending message 105 to peer 0x55c22264bd70 (24 bytes)
1691315020.868351 sending message 105 to peer 0x55c22264bd70 (54 bytes)
1691315020.868354 sending message 105 to peer 0x55c22264bd70 (15 bytes)
1691315020.868358 sending message 105 to peer 0x55c22264bd70 (23 bytes)
1691315020.868362 sending message 105 to peer 0x55c22264bd70 (16 bytes)
1691315020.868366 sending message 105 to peer 0x55c22264bd70 (17 bytes)
1691315020.868370 sending message 105 to peer 0x55c22264bd70 (13 bytes)
1691315020.868382 sending message 105 to peer 0x55c22264bd70 (247 bytes)
1691315020.868386 sending message 105 to peer 0x55c22264bd70 (23 bytes)
1691315020.868390 sending message 105 to peer 0x55c22264bd70 (31 bytes)
1691315020.868394 sending message 105 to peer 0x55c22264bd70 (11 bytes)
1691315020.868397 sending message 105 to peer 0x55c22264bd70 (17 bytes)
1691315020.868403 sending message 105 to peer 0x55c22264bd70 (25 bytes)
1691315020.868406 sending message 105 to peer 0x55c22264bd70 (34 bytes)
1691315020.868410 sending message 105 to peer 0x55c22264bd70 (41 bytes)
1691315020.868414 sending message 105 to peer 0x55c22264bd70 (47 bytes)
1691315020.868418 sending message 105 to peer 0x55c22264bd70 (15 bytes)
1691315020.868421 sending message 105 to peer 0x55c22264bd70 (20 bytes)
1691315020.868425 sending message 105 to peer 0x55c22264bd70 (19 bytes)
1691315020.868429 sending message 105 to peer 0x55c22264bd70 (25 bytes)
1691315020.868432 sending message 105 to peer 0x55c22264bd70 (27 bytes)
1691315020.868436 sending message 105 to peer 0x55c22264bd70 (52 bytes)
1691315020.868440 sending message 105 to peer 0x55c22264bd70 (30 bytes)
1691315020.868444 sending message 105 to peer 0x55c22264bd70 (11 bytes)
1691315020.868447 sending message 105 to peer 0x55c22264bd70 (29 bytes)
1691315020.868451 sending message 105 to peer 0x55c22264bd70 (52 bytes)
1691315020.868455 sending message 105 to peer 0x55c22264bd70 (171 bytes)
1691315020.868466 sending message 105 to peer 0x55c22264bd70 (23 bytes)
1691315020.868470 sending message 105 to peer 0x55c22264bd70 (21 bytes)
1691315020.868475 sending message 105 to peer 0x55c22264bd70 (85 bytes)
1691315020.868479 sending message 105 to peer 0x55c22264bd70 (18 bytes)
1691315020.868482 sending message 105 to peer 0x55c22264bd70 (17 bytes)
1691315020.868487 sending message 105 to peer 0x55c22264bd70 (27 bytes)
1691315020.868490 sending message 105 to peer 0x55c22264bd70 (19 bytes)
1691315020.868500 sending message 105 to peer 0x55c22264bd70 (21 bytes)
1691315020.868504 sending message 105 to peer 0x55c22264bd70 (12 bytes)
1691315020.868508 sending message 105 to peer 0x55c22264bd70 (35 bytes)
1691315020.868512 sending message 105 to peer 0x55c22264bd70 (15 bytes)
1691315020.868515 sending message 105 to peer 0x55c22264bd70 (15 bytes)
1691315020.868519 sending message 105 to peer 0x55c22264bd70 (59 bytes)
1691315020.868523 sending message 105 to peer 0x55c22264bd70 (19 bytes)
1691315020.868527 sending message 105 to peer 0x55c22264bd70 (38 bytes)
1691315020.868531 sending message 105 to peer 0x55c22264bd70 (28 bytes)
1691315020.868535 sending message 105 to peer 0x55c22264bd70 (101 bytes)
1691315020.868539 sending message 105 to peer 0x55c22264bd70 (16 bytes)
1691315020.868543 sending message 106 to peer 0x55c22264bd70 (0 bytes)
1691315020.868547 sending message 200 to peer 0x55c22264bd70 (4 bytes)
1691315020.868550 client loop enter
1691315020.957670 peer 0x55c22264bd70 message 207
1691315020.957684 sending message 208 to peer 0x55c22264bd70 (0 bytes)
1691315022.047294 peer 0x55c22264bd70 message 203
1691315022.047306 sending message 205 to peer 0x55c22264bd70 (0 bytes)
1691315022.047482 peer 0x55c22264bd70 message 204
1691315022.047487 client loop exit
